<?xml version="1.0" encoding="UTF-8"?>
<!-- Generated by org.testng.reporters.JUnitReportReporter -->
<testsuite hostname="user1" failures="0" tests="4" name="parallelScripts.SampleOneTest" time="13.594" errors="0" timestamp="2025-04-03T14:46:14 IST" skipped="0">
  <testcase classname="parallelScripts.SampleOneTest" name="testThree" time="1.984"/>
  <testcase classname="parallelScripts.SampleOneTest" name="testFour" time="5.075"/>
  <testcase classname="parallelScripts.SampleOneTest" name="testOne" time="1.982"/>
  <testcase classname="parallelScripts.SampleOneTest" name="testTwo" time="4.553"/>
</testsuite> <!-- parallelScripts.SampleOneTest -->
