<?xml version="1.0" encoding="UTF-8"?>
<!-- Generated by org.testng.reporters.JUnitReportReporter -->
<testsuite hostname="user1" failures="0" tests="1" name="testScripts.ExplicitWaitTest" time="19.395" errors="0" timestamp="2025-04-01T15:20:26 IST" skipped="0">
  <testcase classname="testScripts.ExplicitWaitTest" name="test" time="19.395"/>
</testsuite> <!-- testScripts.ExplicitWaitTest -->
