<?xml version="1.0" encoding="UTF-8"?>
<!-- Generated by org.testng.reporters.JUnitReportReporter -->
<testsuite hostname="user1" failures="0" tests="10" name="parallelScripts.SampleThreeTest" time="0.095" errors="0" timestamp="2025-04-03T14:59:33 IST" skipped="0">
  <testcase classname="parallelScripts.SampleThreeTest" name="testFour" time="0.009"/>
  <testcase classname="parallelScripts.SampleThreeTest" name="testFour" time="0.020"/>
  <testcase classname="parallelScripts.SampleThreeTest" name="testOne" time="0.006"/>
  <testcase classname="parallelScripts.SampleThreeTest" name="testTwo" time="0.005"/>
  <testcase classname="parallelScripts.SampleThreeTest" name="testFour" time="0.020"/>
  <testcase classname="parallelScripts.SampleThreeTest" name="testThree" time="0.010"/>
  <testcase classname="parallelScripts.SampleThreeTest" name="testThree" time="0.004"/>
  <testcase classname="parallelScripts.SampleThreeTest" name="testThree" time="0.008"/>
  <testcase classname="parallelScripts.SampleThreeTest" name="testFour" time="0.005"/>
  <testcase classname="parallelScripts.SampleThreeTest" name="testThree" time="0.008"/>
</testsuite> <!-- parallelScripts.SampleThreeTest -->
