<?xml version="1.0" encoding="UTF-8"?>
<!-- Generated by org.testng.reporters.JUnitReportReporter -->
<testsuite hostname="user1" failures="0" tests="1" name="groupScripts.SampleTwo" time="0.021" errors="0" timestamp="2025-04-02T16:33:18 IST" skipped="0">
  <testcase classname="groupScripts.SampleTwo" name="S2testTwo" time="0.021"/>
</testsuite> <!-- groupScripts.SampleTwo -->
