<?xml version="1.0" encoding="UTF-8"?>
<!-- Generated by org.testng.reporters.JUnitReportReporter -->
<testsuite hostname="user1" failures="0" tests="1" name="testScripts.CheckboxTest" time="8.694" errors="0" timestamp="2025-03-27T15:46:15 IST" skipped="0">
  <testcase classname="testScripts.CheckboxTest" name="practice" time="8.694"/>
</testsuite> <!-- testScripts.CheckboxTest -->
