<?xml version="1.0" encoding="UTF-8"?>
<!-- Generated by org.testng.reporters.JUnitReportReporter -->
<testsuite hostname="user1" failures="0" tests="1" name="testScripts.Windowhandletest" time="25.021" errors="0" timestamp="2025-04-01T17:57:12 IST" skipped="0">
  <testcase classname="testScripts.Windowhandletest" name="newtest" time="25.021"/>
</testsuite> <!-- testScripts.Windowhandletest -->
