<?xml version="1.0" encoding="UTF-8"?>
<!-- Generated by org.testng.reporters.JUnitReportReporter -->
<testsuite hostname="user1" failures="0" tests="1" name="testScripts.SeleniumDev" time="2.362" errors="0" timestamp="2025-04-01T17:57:12 IST" skipped="0">
  <testcase classname="testScripts.SeleniumDev" name="sample" time="2.362"/>
</testsuite> <!-- testScripts.SeleniumDev -->
