<?xml version="1.0" encoding="UTF-8"?>
<!-- Generated by org.testng.reporters.JUnitReportReporter -->
<testsuite hostname="user1" failures="0" tests="2" name="testScripts.ChromeDevToolsTest" time="9.920" errors="0" timestamp="2025-04-04T17:37:31 IST" skipped="0">
  <testcase classname="testScripts.ChromeDevToolsTest" name="GeoLocationTest" time="6.560"/>
  <testcase classname="testScripts.ChromeDevToolsTest" name="devicemodeTest" time="3.360"/>
</testsuite> <!-- testScripts.ChromeDevToolsTest -->
