<?xml version="1.0" encoding="UTF-8"?>
<!-- Generated by org.testng.reporters.JUnitReportReporter -->
<testsuite hostname="user1" failures="0" tests="1" name="testScripts.ShadowDOMTest" time="12.133" errors="0" timestamp="2025-03-28T15:28:56 IST" skipped="0">
  <testcase classname="testScripts.ShadowDOMTest" name="shadow" time="12.133"/>
</testsuite> <!-- testScripts.ShadowDOMTest -->
