<?xml version="1.0" encoding="UTF-8"?>
<!-- Generated by org.testng.reporters.JUnitReportReporter -->
<testsuite hostname="user1" failures="0" tests="1" name="testScripts.UploadFileTest" time="2.862" errors="0" timestamp="2025-04-01T17:57:12 IST" skipped="0">
  <testcase classname="testScripts.UploadFileTest" name="upload" time="2.862"/>
</testsuite> <!-- testScripts.UploadFileTest -->
