<?xml version="1.0" encoding="UTF-8"?>
<!-- Generated by org.testng.reporters.JUnitReportReporter -->
<testsuite hostname="user1" failures="0" tests="1" name="testScripts.DropdownTest" time="8.865" errors="0" timestamp="2025-03-27T16:53:39 IST" skipped="0">
  <testcase classname="testScripts.DropdownTest" name="practice" time="8.865"/>
</testsuite> <!-- testScripts.DropdownTest -->
