<?xml version="1.0" encoding="UTF-8"?>
<!-- Generated by org.testng.reporters.JUnitReportReporter -->
<testsuite hostname="user1" failures="0" tests="3" name="groupScripts.SampleThree" time="0.077" errors="0" timestamp="2025-04-02T16:28:25 IST" skipped="0">
  <testcase classname="groupScripts.SampleThree" name="S3testFour" time="0.008"/>
  <testcase classname="groupScripts.SampleThree" name="S3testOne" time="0.068"/>
  <testcase classname="groupScripts.SampleThree" name="S3testTwo" time="0.001"/>
</testsuite> <!-- groupScripts.SampleThree -->
