<?xml version="1.0" encoding="UTF-8"?>
<!-- Generated by org.testng.reporters.JUnitReportReporter -->
<testsuite hostname="user1" failures="0" tests="4" name="groupScripts.SampleOne" time="0.020" errors="0" timestamp="2025-04-02T16:28:25 IST" skipped="0">
  <testcase classname="groupScripts.SampleOne" name="S1testTwo" time="0.004"/>
  <testcase classname="groupScripts.SampleOne" name="S1testOne" time="0.003"/>
  <testcase classname="groupScripts.SampleOne" name="S1testFour" time="0.010"/>
  <testcase classname="groupScripts.SampleOne" name="S1testThree" time="0.003"/>
</testsuite> <!-- groupScripts.SampleOne -->
