<?xml version="1.0" encoding="UTF-8"?>
<!-- Generated by org.testng.reporters.JUnitReportReporter -->
<testsuite hostname="user1" failures="0" tests="1" name="testScripts.Windowhandletest" time="27.857" errors="0" timestamp="2025-04-01T17:12:38 IST" skipped="0">
  <testcase classname="testScripts.Windowhandletest" name="newtest" time="27.857"/>
</testsuite> <!-- testScripts.Windowhandletest -->
