<?xml version="1.0" encoding="UTF-8"?>
<!-- Generated by org.testng.reporters.JUnitReportReporter -->
<testsuite hostname="user1" failures="0" tests="1" name="GridTestScripts.RemoteWebSampleTest" time="8.660" errors="0" timestamp="2025-04-07T15:42:37 IST" skipped="0">
  <testcase classname="GridTestScripts.RemoteWebSampleTest" name="search" time="8.660"/>
</testsuite> <!-- GridTestScripts.RemoteWebSampleTest -->
