<?xml version="1.0" encoding="UTF-8"?>
<!-- Generated by org.testng.reporters.JUnitReportReporter -->
<testsuite hostname="user1" failures="0" tests="1" name="testScripts.AutomationBookstore" time="10.603" errors="0" timestamp="2025-03-27T15:12:50 IST" skipped="0">
  <testcase classname="testScripts.AutomationBookstore" name="test" time="10.603"/>
</testsuite> <!-- testScripts.AutomationBookstore -->
