<?xml version="1.0" encoding="UTF-8"?>
<!-- Generated by org.testng.reporters.JUnitReportReporter -->
<testsuite hostname="user1" failures="0" tests="2" name="testScripts.GooglePageTest" time="16.386" errors="0" timestamp="2025-04-01T17:39:57 IST" skipped="0">
  <testcase classname="testScripts.GooglePageTest" name="inValidSearch" time="7.485"/>
  <testcase classname="testScripts.GooglePageTest" name="seleniumSearch" time="8.901"/>
</testsuite> <!-- testScripts.GooglePageTest -->
