<?xml version="1.0" encoding="UTF-8"?>
<!-- Generated by org.testng.reporters.JUnitReportReporter -->
<testsuite hostname="user1" failures="0" tests="1" name="testScripts.DemoblazeTest" time="13.660" errors="0" timestamp="2025-03-27T16:27:33 IST" skipped="0">
  <testcase classname="testScripts.DemoblazeTest" name="practice" time="13.660"/>
</testsuite> <!-- testScripts.DemoblazeTest -->
