<?xml version="1.0" encoding="UTF-8"?>
<!-- Generated by org.testng.reporters.JUnitReportReporter -->
<testsuite hostname="user1" failures="0" tests="1" name="testScripts.RadioButtonTest" time="5.589" errors="0" timestamp="2025-03-27T15:48:36 IST" skipped="0">
  <testcase classname="testScripts.RadioButtonTest" name="practice" time="5.589"/>
</testsuite> <!-- testScripts.RadioButtonTest -->
