<?xml version="1.0" encoding="UTF-8"?>
<!-- Generated by org.testng.reporters.JUnitReportReporter -->
<testsuite hostname="user1" failures="0" tests="4" name="parallelScripts.SampleTwoTest" time="21.664" errors="0" timestamp="2025-04-03T14:46:14 IST" skipped="0">
  <testcase classname="parallelScripts.SampleTwoTest" name="testFour" time="5.160"/>
  <testcase classname="parallelScripts.SampleTwoTest" name="testThree" time="5.666"/>
  <testcase classname="parallelScripts.SampleTwoTest" name="testone" time="5.969"/>
  <testcase classname="parallelScripts.SampleTwoTest" name="testTwo" time="4.869"/>
</testsuite> <!-- parallelScripts.SampleTwoTest -->
