<?xml version="1.0" encoding="UTF-8"?>
<!-- Generated by org.testng.reporters.JUnitReportReporter -->
<testsuite hostname="user1" failures="0" tests="1" name="testScripts.RadioButtonTest" time="5.111" errors="0" timestamp="2025-04-01T17:57:12 IST" skipped="0">
  <testcase classname="testScripts.RadioButtonTest" name="practice" time="5.111"/>
</testsuite> <!-- testScripts.RadioButtonTest -->
