<?xml version="1.0" encoding="UTF-8"?>
<!-- Generated by org.testng.reporters.JUnitReportReporter -->
<testsuite hostname="user1" failures="0" tests="1" name="testScripts.Windowhandletest" time="30.573" errors="0" timestamp="2025-03-28T17:17:04 IST" skipped="0">
  <testcase classname="testScripts.Windowhandletest" name="newtest" time="30.573"/>
</testsuite> <!-- testScripts.Windowhandletest -->
